Base path: /Applications/Unity/Unity.app/Contents
Pipe name: \\.\pipe\UnityShaderCompiler-64bit-1-1912886016
Cmd: getPlatforms
Cmd: preprocess
  insize=1095 outsize=1002 ok=1
Cmd: preprocess
  insize=766 outsize=709 ok=1
Cmd: preprocess
  insize=1107 outsize=1014 ok=1
Cmd: preprocess
  insize=755 outsize=698 ok=1
Cmd: preprocess
  insize=757 outsize=700 ok=1
Cmd: preprocess
  insize=1113 outsize=1020 ok=1
Cmd: preprocess
  insize=662 outsize=1578 ok=1
Cmd: preprocess
  insize=1189 outsize=403 ok=1
Cmd: preprocess
  insize=662 outsize=605 ok=1
Cmd: preprocess
  insize=1153 outsize=392 ok=1
Cmd: preprocess
  insize=546 outsize=543 ok=1
Cmd: preprocess
  insize=870 outsize=776 ok=1
Cmd: preprocess
  insize=769 outsize=712 ok=1
Cmd: preprocess
  insize=1093 outsize=1000 ok=1
Cmd: compileSnippet
  api=0 type=0 insize=7523 outsize=5142 kw=DIRECTIONAL SHADOWS_SCREEN LIGHTMAP_OFF DIRLIGHTMAP_OFF DYNAMICLIGHTMAP_OFF FOG_EXP2 ok=1
Cmd: compileSnippet
  api=0 type=1 insize=7523 outsize=6 kw=DIRECTIONAL SHADOWS_SCREEN LIGHTMAP_OFF DIRLIGHTMAP_OFF DYNAMICLIGHTMAP_OFF FOG_EXP2 ok=1
Cmd: compileSnippet
  api=0 type=0 insize=7523 outsize=4675 kw=DIRECTIONAL SHADOWS_OFF LIGHTMAP_OFF DIRLIGHTMAP_OFF DYNAMICLIGHTMAP_OFF FOG_EXP2 ok=1
Cmd: compileSnippet
  api=0 type=1 insize=7523 outsize=6 kw=DIRECTIONAL SHADOWS_OFF LIGHTMAP_OFF DIRLIGHTMAP_OFF DYNAMICLIGHTMAP_OFF FOG_EXP2 ok=1
